<?xml version="1.0" encoding="UTF-8"?>
<!-- Generated by org.testng.reporters.JUnitXMLReporter -->
<testsuite ignored="0" hostname="DESKTOP-MOB7CUU" failures="1" tests="3" name="Surefire test" time="15.68" errors="0" timestamp="2025-08-22T09:42:45 IST">
  <testcase classname="Page.AmazonTest.AmazonTest" name="purchase" time="5.881"/>
  <testcase classname="Page.AmazonTest.AmazonTest" name="verifyHeader" time="0.072"/>
  <testcase classname="io.cucumber.testng.AbstractTestNGCucumberTests" name="runScenario" time="2.752">
    <failure type="io.cucumber.testng.UndefinedStepException" message="The step &amp;apos;Enter the standard_user and secret_sauce and click on login&amp;apos; is undefined.
You can implement this step using the snippet(s) below:

@When(&amp;quot;Enter the standard_user and secret_sauce and click on login&amp;quot;)
public void enter_the_standard_user_and_secret_sauce_and_click_on_login() {
    // Write code here that turns the phrase above into concrete actions
    throw new io.cucumber.java.PendingException();
}
">
      <![CDATA[io.cucumber.testng.UndefinedStepException: The step 'Enter the standard_user and secret_sauce and click on login' is undefined.
You can implement this step using the snippet(s) below:

@When("Enter the standard_user and secret_sauce and click on login")
public void enter_the_standard_user_and_secret_sauce_and_click_on_login() {
    // Write code here that turns the phrase above into concrete actions
    throw new io.cucumber.java.PendingException();
}

at io.cucumber.core.runtime.TestCaseResultObserver.assertTestCasePassed(TestCaseResultObserver.java:69)
at io.cucumber.testng.TestCaseResultObserver.assertTestCasePassed(TestCaseResultObserver.java:23)
at io.cucumber.testng.TestNGCucumberRunner.lambda$runScenario$1(TestNGCucumberRunner.java:133)
at io.cucumber.core.runtime.CucumberExecutionContext.lambda$runTestCase$5(CucumberExecutionContext.java:136)
at io.cucumber.core.runtime.RethrowingThrowableCollector.executeAndThrow(RethrowingThrowableCollector.java:23)
at io.cucumber.core.runtime.CucumberExecutionContext.runTestCase(CucumberExecutionContext.java:136)
at io.cucumber.testng.TestNGCucumberRunner.runScenario(TestNGCucumberRunner.java:129)
at io.cucumber.testng.AbstractTestNGCucumberTests.runScenario(AbstractTestNGCucumberTests.java:35)
at java.base/java.util.ArrayList.forEach(ArrayList.java:1511)
... Removed 32 stack frames]]>
    </failure>
  </testcase> <!-- runScenario -->
</testsuite> <!-- Surefire test -->
